<?xml version="1.0" encoding="UTF-8"?>
<coverage generated="1508158891219" clover="3.2.0">
  <project timestamp="1508158891220" name="All files">
    <metrics statements="138" coveredstatements="115" conditionals="62" coveredconditionals="50" methods="34" coveredmethods="24" elements="234" coveredelements="189" complexity="0" loc="138" ncloc="138" packages="2" files="7" classes="7">
      <package name="libs">
        <metrics statements="33" coveredstatements="13" conditionals="12" coveredconditionals="3" methods="5" coveredmethods="2"/>
        <file name="ISO8601.js" path="/home/skye/Documents/Yandex/nskyes-node-school-wallet-app/libs/ISO8601.js">
          <metrics statements="8" coveredstatements="8" conditionals="6" coveredconditionals="3" methods="1" coveredmethods="1"/>
          <line num="3" count="1" type="stmt"/>
          <line num="4" count="2" type="stmt"/>
          <line num="5" count="2" type="stmt"/>
          <line num="6" count="2" type="stmt"/>
          <line num="7" count="2" type="cond" truecount="1" falsecount="1"/>
          <line num="8" count="2" type="cond" truecount="1" falsecount="1"/>
          <line num="9" count="2" type="cond" truecount="1" falsecount="1"/>
          <line num="10" count="2" type="stmt"/>
        </file>
        <file name="application-error.js" path="/home/skye/Documents/Yandex/nskyes-node-school-wallet-app/libs/application-error.js">
          <metrics statements="4" coveredstatements="3" conditionals="0" coveredconditionals="0" methods="2" coveredmethods="1"/>
          <line num="5" count="19" type="stmt"/>
          <line num="6" count="19" type="stmt"/>
          <line num="9" count="0" type="stmt"/>
          <line num="13" count="3" type="stmt"/>
        </file>
        <file name="luhn.js" path="/home/skye/Documents/Yandex/nskyes-node-school-wallet-app/libs/luhn.js">
          <metrics statements="21" coveredstatements="2" conditionals="6" coveredconditionals="0" methods="2" coveredmethods="0"/>
          <line num="3" count="2" type="stmt"/>
          <line num="4" count="0" type="stmt"/>
          <line num="5" count="0" type="stmt"/>
          <line num="6" count="0" type="stmt"/>
          <line num="7" count="0" type="stmt"/>
          <line num="8" count="0" type="stmt"/>
          <line num="9" count="0" type="stmt"/>
          <line num="10" count="0" type="cond" truecount="0" falsecount="2"/>
          <line num="11" count="0" type="stmt"/>
          <line num="12" count="0" type="cond" truecount="0" falsecount="2"/>
          <line num="13" count="0" type="stmt"/>
          <line num="14" count="0" type="stmt"/>
          <line num="16" count="0" type="stmt"/>
          <line num="18" count="0" type="stmt"/>
          <line num="19" count="0" type="stmt"/>
          <line num="20" count="0" type="cond" truecount="0" falsecount="2"/>
          <line num="21" count="0" type="stmt"/>
          <line num="22" count="0" type="stmt"/>
          <line num="25" count="0" type="stmt"/>
          <line num="26" count="0" type="stmt"/>
          <line num="30" count="2" type="stmt"/>
        </file>
      </package>
      <package name="source.models.common">
        <metrics statements="105" coveredstatements="102" conditionals="50" coveredconditionals="47" methods="29" coveredmethods="22"/>
        <file name="file-cards-model.js" path="/home/skye/Documents/Yandex/nskyes-node-school-wallet-app/source/models/common/file-cards-model.js">
          <metrics statements="24" coveredstatements="24" conditionals="18" coveredconditionals="18" methods="3" coveredmethods="3"/>
          <line num="1" count="2" type="stmt"/>
          <line num="3" count="2" type="stmt"/>
          <line num="4" count="2" type="stmt"/>
          <line num="8" count="14" type="stmt"/>
          <line num="12" count="5" type="stmt"/>
          <line num="13" count="5" type="stmt"/>
          <line num="14" count="5" type="cond" truecount="5" falsecount="0"/>
          <line num="21" count="5" type="cond" truecount="2" falsecount="0"/>
          <line num="22" count="1" type="stmt"/>
          <line num="23" count="1" type="stmt"/>
          <line num="24" count="1" type="stmt"/>
          <line num="25" count="1" type="stmt"/>
          <line num="27" count="4" type="stmt"/>
          <line num="32" count="8" type="stmt"/>
          <line num="33" count="8" type="cond" truecount="4" falsecount="0"/>
          <line num="34" count="2" type="stmt"/>
          <line num="36" count="6" type="cond" truecount="7" falsecount="0"/>
          <line num="37" count="4" type="stmt"/>
          <line num="39" count="2" type="stmt"/>
          <line num="40" count="2" type="stmt"/>
          <line num="41" count="2" type="stmt"/>
          <line num="42" count="2" type="stmt"/>
          <line num="43" count="2" type="stmt"/>
          <line num="47" count="2" type="stmt"/>
        </file>
        <file name="file-model.js" path="/home/skye/Documents/Yandex/nskyes-node-school-wallet-app/source/models/common/file-model.js">
          <metrics statements="45" coveredstatements="43" conditionals="12" coveredconditionals="10" methods="12" coveredmethods="12"/>
          <line num="1" count="3" type="stmt"/>
          <line num="2" count="3" type="stmt"/>
          <line num="3" count="3" type="stmt"/>
          <line num="4" count="3" type="stmt"/>
          <line num="8" count="32" type="stmt"/>
          <line num="9" count="32" type="stmt"/>
          <line num="10" count="32" type="stmt"/>
          <line num="11" count="32" type="stmt"/>
          <line num="15" count="64" type="cond" truecount="2" falsecount="0"/>
          <line num="16" count="30" type="stmt"/>
          <line num="17" count="30" type="stmt"/>
          <line num="18" count="30" type="cond" truecount="2" falsecount="0"/>
          <line num="19" count="1" type="stmt"/>
          <line num="20" count="29" type="stmt"/>
          <line num="21" count="29" type="stmt"/>
          <line num="22" count="29" type="stmt"/>
          <line num="23" count="58" type="stmt"/>
          <line num="24" count="29" type="stmt"/>
          <line num="26" count="0" type="stmt"/>
          <line num="31" count="63" type="stmt"/>
          <line num="35" count="5" type="stmt"/>
          <line num="36" count="5" type="stmt"/>
          <line num="37" count="5" type="stmt"/>
          <line num="38" count="5" type="cond" truecount="1" falsecount="1"/>
          <line num="39" count="5" type="stmt"/>
          <line num="40" count="5" type="stmt"/>
          <line num="44" count="9" type="stmt"/>
          <line num="45" count="9" type="stmt"/>
          <line num="46" count="9" type="stmt"/>
          <line num="50" count="6" type="stmt"/>
          <line num="51" count="7" type="stmt"/>
          <line num="52" count="6" type="cond" truecount="2" falsecount="0"/>
          <line num="53" count="1" type="stmt"/>
          <line num="55" count="5" type="stmt"/>
          <line num="60" count="1" type="stmt"/>
          <line num="61" count="1" type="stmt"/>
          <line num="62" count="1" type="stmt"/>
          <line num="63" count="1" type="stmt"/>
          <line num="64" count="1" type="stmt"/>
          <line num="65" count="1" type="stmt"/>
          <line num="69" count="6" type="cond" truecount="1" falsecount="1"/>
          <line num="70" count="6" type="stmt"/>
          <line num="71" count="6" type="stmt"/>
          <line num="74" count="0" type="stmt"/>
          <line num="78" count="3" type="stmt"/>
        </file>
        <file name="file-transactions-model.js" path="/home/skye/Documents/Yandex/nskyes-node-school-wallet-app/source/models/common/file-transactions-model.js">
          <metrics statements="35" coveredstatements="34" conditionals="20" coveredconditionals="19" methods="7" coveredmethods="7"/>
          <line num="1" count="1" type="stmt"/>
          <line num="3" count="1" type="stmt"/>
          <line num="4" count="1" type="stmt"/>
          <line num="5" count="1" type="stmt"/>
          <line num="6" count="1" type="stmt"/>
          <line num="11" count="9" type="stmt"/>
          <line num="12" count="9" type="stmt"/>
          <line num="13" count="16" type="cond" truecount="2" falsecount="0"/>
          <line num="17" count="7" type="cond" truecount="2" falsecount="0"/>
          <line num="18" count="1" type="stmt"/>
          <line num="20" count="6" type="stmt"/>
          <line num="21" count="6" type="stmt"/>
          <line num="22" count="6" type="cond" truecount="7" falsecount="0"/>
          <line num="29" count="6" type="cond" truecount="2" falsecount="0"/>
          <line num="30" count="2" type="stmt"/>
          <line num="31" count="2" type="stmt"/>
          <line num="32" count="2" type="stmt"/>
          <line num="33" count="2" type="stmt"/>
          <line num="34" count="2" type="stmt"/>
          <line num="35" count="2" type="stmt"/>
          <line num="36" count="2" type="stmt"/>
          <line num="38" count="4" type="stmt"/>
          <line num="43" count="3" type="cond" truecount="1" falsecount="1"/>
          <line num="44" count="0" type="stmt"/>
          <line num="46" count="3" type="stmt"/>
          <line num="47" count="3" type="stmt"/>
          <line num="48" count="3" type="cond" truecount="2" falsecount="0"/>
          <line num="49" count="1" type="stmt"/>
          <line num="50" count="2" type="cond" truecount="2" falsecount="0"/>
          <line num="51" count="1" type="stmt"/>
          <line num="52" count="2" type="stmt"/>
          <line num="53" count="1" type="stmt"/>
          <line num="55" count="2" type="stmt"/>
          <line num="60" count="1" type="stmt"/>
          <line num="64" count="1" type="stmt"/>
        </file>
        <file name="model.js" path="/home/skye/Documents/Yandex/nskyes-node-school-wallet-app/source/models/common/model.js">
          <metrics statements="1" coveredstatements="1" conditionals="0" coveredconditionals="0" methods="7" coveredmethods="0"/>
          <line num="12" count="3" type="stmt"/>
        </file>
      </package>
    </metrics>
  </project>
</coverage>
