{"/home/skye/Documents/Yandex/nskyes-node-school-wallet-app/libs/ISO8601.js": {"path":"/home/skye/Documents/Yandex/nskyes-node-school-wallet-app/libs/ISO8601.js","statementMap":{"0":{"start":{"line":3,"column":0},"end":{"line":11,"column":1}},"1":{"start":{"line":4,"column":15},"end":{"line":4,"column":33}},"2":{"start":{"line":5,"column":16},"end":{"line":5,"column":35}},"3":{"start":{"line":6,"column":14},"end":{"line":6,"column":28}},"4":{"start":{"line":7,"column":16},"end":{"line":7,"column":91}},"5":{"start":{"line":8,"column":18},"end":{"line":8,"column":99}},"6":{"start":{"line":9,"column":18},"end":{"line":9,"column":99}},"7":{"start":{"line":10,"column":2},"end":{"line":10,"column":71}}},"fnMap":{"0":{"name":"(anonymous_0)","decl":{"start":{"line":3,"column":17},"end":{"line":3,"column":18}},"loc":{"start":{"line":3,"column":27},"end":{"line":11,"column":1}},"line":3}},"branchMap":{"0":{"loc":{"start":{"line":7,"column":16},"end":{"line":7,"column":91}},"type":"cond-expr","locations":[{"start":{"line":7,"column":41},"end":{"line":7,"column":73}},{"start":{"line":7,"column":76},"end":{"line":7,"column":91}}],"line":7},"1":{"loc":{"start":{"line":8,"column":18},"end":{"line":8,"column":99}},"type":"cond-expr","locations":[{"start":{"line":8,"column":45},"end":{"line":8,"column":79}},{"start":{"line":8,"column":82},"end":{"line":8,"column":99}}],"line":8},"2":{"loc":{"start":{"line":9,"column":18},"end":{"line":9,"column":99}},"type":"cond-expr","locations":[{"start":{"line":9,"column":45},"end":{"line":9,"column":79}},{"start":{"line":9,"column":82},"end":{"line":9,"column":99}}],"line":9}},"s":{"0":1,"1":2,"2":2,"3":2,"4":2,"5":2,"6":2,"7":2},"f":{"0":2},"b":{"0":[0,2],"1":[2,0],"2":[0,2]},"_coverageSchema":"332fd63041d2c1bcb487cc26dd0d5f7d97098a6c","hash":"51b940f833c5bc3fb13c7d140159a38ef14a2a08"}
,"/home/skye/Documents/Yandex/nskyes-node-school-wallet-app/libs/application-error.js": {"path":"/home/skye/Documents/Yandex/nskyes-node-school-wallet-app/libs/application-error.js","statementMap":{"0":{"start":{"line":5,"column":4},"end":{"line":5,"column":19}},"1":{"start":{"line":6,"column":4},"end":{"line":6,"column":33}},"2":{"start":{"line":9,"column":4},"end":{"line":9,"column":27}},"3":{"start":{"line":13,"column":0},"end":{"line":13,"column":34}}},"fnMap":{"0":{"name":"(anonymous_0)","decl":{"start":{"line":4,"column":2},"end":{"line":4,"column":3}},"loc":{"start":{"line":4,"column":35},"end":{"line":7,"column":3}},"line":4},"1":{"name":"(anonymous_1)","decl":{"start":{"line":8,"column":2},"end":{"line":8,"column":3}},"loc":{"start":{"line":8,"column":16},"end":{"line":10,"column":3}},"line":8}},"branchMap":{},"s":{"0":19,"1":19,"2":0,"3":3},"f":{"0":19,"1":0},"b":{},"_coverageSchema":"332fd63041d2c1bcb487cc26dd0d5f7d97098a6c","hash":"e2f08f4f8fe58d34d8c5e014d9bef8959b4a093b"}
,"/home/skye/Documents/Yandex/nskyes-node-school-wallet-app/libs/luhn.js": {"path":"/home/skye/Documents/Yandex/nskyes-node-school-wallet-app/libs/luhn.js","statementMap":{"0":{"start":{"line":3,"column":13},"end":{"line":28,"column":1}},"1":{"start":{"line":4,"column":1},"end":{"line":4,"column":46}},"2":{"start":{"line":5,"column":1},"end":{"line":5,"column":46}},"3":{"start":{"line":6,"column":1},"end":{"line":6,"column":31}},"4":{"start":{"line":7,"column":9},"end":{"line":7,"column":10}},"5":{"start":{"line":8,"column":1},"end":{"line":8,"column":40}},"6":{"start":{"line":9,"column":1},"end":{"line":17,"column":2}},"7":{"start":{"line":10,"column":2},"end":{"line":15,"column":3}},"8":{"start":{"line":11,"column":16},"end":{"line":11,"column":45}},"9":{"start":{"line":12,"column":3},"end":{"line":13,"column":62}},"10":{"start":{"line":13,"column":4},"end":{"line":13,"column":62}},"11":{"start":{"line":14,"column":3},"end":{"line":14,"column":17}},"12":{"start":{"line":16,"column":1},"end":{"line":16,"column":5}},"13":{"start":{"line":18,"column":1},"end":{"line":18,"column":49}},"14":{"start":{"line":18,"column":28},"end":{"line":18,"column":47}},"15":{"start":{"line":19,"column":1},"end":{"line":19,"column":35}},"16":{"start":{"line":20,"column":1},"end":{"line":27,"column":2}},"17":{"start":{"line":21,"column":2},"end":{"line":21,"column":43}},"18":{"start":{"line":22,"column":2},"end":{"line":22,"column":15}},"19":{"start":{"line":25,"column":2},"end":{"line":25,"column":39}},"20":{"start":{"line":26,"column":2},"end":{"line":26,"column":14}},"21":{"start":{"line":30,"column":0},"end":{"line":30,"column":22}}},"fnMap":{"0":{"name":"(anonymous_0)","decl":{"start":{"line":3,"column":13},"end":{"line":3,"column":14}},"loc":{"start":{"line":3,"column":22},"end":{"line":28,"column":1}},"line":3},"1":{"name":"(anonymous_1)","decl":{"start":{"line":18,"column":18},"end":{"line":18,"column":19}},"loc":{"start":{"line":18,"column":28},"end":{"line":18,"column":47}},"line":18}},"branchMap":{"0":{"loc":{"start":{"line":10,"column":2},"end":{"line":15,"column":3}},"type":"if","locations":[{"start":{"line":10,"column":2},"end":{"line":15,"column":3}},{"start":{"line":10,"column":2},"end":{"line":15,"column":3}}],"line":10},"1":{"loc":{"start":{"line":12,"column":3},"end":{"line":13,"column":62}},"type":"if","locations":[{"start":{"line":12,"column":3},"end":{"line":13,"column":62}},{"start":{"line":12,"column":3},"end":{"line":13,"column":62}}],"line":12},"2":{"loc":{"start":{"line":20,"column":1},"end":{"line":27,"column":2}},"type":"if","locations":[{"start":{"line":20,"column":1},"end":{"line":27,"column":2}},{"start":{"line":20,"column":1},"end":{"line":27,"column":2}}],"line":20}},"s":{"0":2,"1":0,"2":0,"3":0,"4":0,"5":0,"6":0,"7":0,"8":0,"9":0,"10":0,"11":0,"12":0,"13":0,"14":0,"15":0,"16":0,"17":0,"18":0,"19":0,"20":0,"21":2},"f":{"0":0,"1":0},"b":{"0":[0,0],"1":[0,0],"2":[0,0]},"_coverageSchema":"332fd63041d2c1bcb487cc26dd0d5f7d97098a6c","hash":"f55706af4dc3e2506a07db8d675ca0a3cf1993ac"}
,"/home/skye/Documents/Yandex/nskyes-node-school-wallet-app/source/models/common/file-cards-model.js": {"path":"/home/skye/Documents/Yandex/nskyes-node-school-wallet-app/source/models/common/file-cards-model.js","statementMap":{"0":{"start":{"line":1,"column":18},"end":{"line":1,"column":41}},"1":{"start":{"line":3,"column":13},"end":{"line":3,"column":45}},"2":{"start":{"line":4,"column":25},"end":{"line":4,"column":67}},"3":{"start":{"line":8,"column":4},"end":{"line":8,"column":22}},"4":{"start":{"line":12,"column":4},"end":{"line":12,"column":33}},"5":{"start":{"line":13,"column":4},"end":{"line":13,"column":26}},"6":{"start":{"line":14,"column":20},"end":{"line":19,"column":38}},"7":{"start":{"line":21,"column":4},"end":{"line":28,"column":5}},"8":{"start":{"line":22,"column":6},"end":{"line":22,"column":40}},"9":{"start":{"line":23,"column":6},"end":{"line":23,"column":33}},"10":{"start":{"line":24,"column":6},"end":{"line":24,"column":31}},"11":{"start":{"line":25,"column":6},"end":{"line":25,"column":18}},"12":{"start":{"line":27,"column":6},"end":{"line":27,"column":62}},"13":{"start":{"line":32,"column":4},"end":{"line":32,"column":26}},"14":{"start":{"line":33,"column":4},"end":{"line":35,"column":5}},"15":{"start":{"line":34,"column":6},"end":{"line":34,"column":56}},"16":{"start":{"line":36,"column":4},"end":{"line":38,"column":5}},"17":{"start":{"line":37,"column":6},"end":{"line":37,"column":101}},"18":{"start":{"line":39,"column":17},"end":{"line":39,"column":47}},"19":{"start":{"line":40,"column":18},"end":{"line":40,"column":47}},"20":{"start":{"line":41,"column":4},"end":{"line":41,"column":57}},"21":{"start":{"line":42,"column":4},"end":{"line":42,"column":43}},"22":{"start":{"line":43,"column":4},"end":{"line":43,"column":29}},"23":{"start":{"line":47,"column":0},"end":{"line":47,"column":32}}},"fnMap":{"0":{"name":"(anonymous_0)","decl":{"start":{"line":7,"column":2},"end":{"line":7,"column":3}},"loc":{"start":{"line":7,"column":26},"end":{"line":9,"column":3}},"line":7},"1":{"name":"(anonymous_1)","decl":{"start":{"line":11,"column":2},"end":{"line":11,"column":3}},"loc":{"start":{"line":11,"column":23},"end":{"line":29,"column":3}},"line":11},"2":{"name":"(anonymous_2)","decl":{"start":{"line":31,"column":2},"end":{"line":31,"column":3}},"loc":{"start":{"line":31,"column":33},"end":{"line":44,"column":3}},"line":31}},"branchMap":{"0":{"loc":{"start":{"line":14,"column":20},"end":{"line":19,"column":38}},"type":"binary-expr","locations":[{"start":{"line":14,"column":20},"end":{"line":14,"column":24}},{"start":{"line":15,"column":9},"end":{"line":15,"column":42}},{"start":{"line":16,"column":9},"end":{"line":16,"column":39}},{"start":{"line":17,"column":9},"end":{"line":17,"column":41}},{"start":{"line":19,"column":9},"end":{"line":19,"column":38}}],"line":14},"1":{"loc":{"start":{"line":21,"column":4},"end":{"line":28,"column":5}},"type":"if","locations":[{"start":{"line":21,"column":4},"end":{"line":28,"column":5}},{"start":{"line":21,"column":4},"end":{"line":28,"column":5}}],"line":21},"2":{"loc":{"start":{"line":33,"column":4},"end":{"line":35,"column":5}},"type":"if","locations":[{"start":{"line":33,"column":4},"end":{"line":35,"column":5}},{"start":{"line":33,"column":4},"end":{"line":35,"column":5}}],"line":33},"3":{"loc":{"start":{"line":33,"column":8},"end":{"line":33,"column":46}},"type":"binary-expr","locations":[{"start":{"line":33,"column":8},"end":{"line":33,"column":11}},{"start":{"line":33,"column":15},"end":{"line":33,"column":46}}],"line":33},"4":{"loc":{"start":{"line":36,"column":4},"end":{"line":38,"column":5}},"type":"if","locations":[{"start":{"line":36,"column":4},"end":{"line":38,"column":5}},{"start":{"line":36,"column":4},"end":{"line":38,"column":5}}],"line":36},"5":{"loc":{"start":{"line":36,"column":8},"end":{"line":36,"column":111}},"type":"binary-expr","locations":[{"start":{"line":36,"column":8},"end":{"line":36,"column":15}},{"start":{"line":36,"column":19},"end":{"line":36,"column":111}}],"line":36},"6":{"loc":{"start":{"line":36,"column":21},"end":{"line":36,"column":110}},"type":"binary-expr","locations":[{"start":{"line":36,"column":22},"end":{"line":36,"column":48}},{"start":{"line":36,"column":52},"end":{"line":36,"column":79}},{"start":{"line":36,"column":84},"end":{"line":36,"column":110}}],"line":36}},"s":{"0":2,"1":2,"2":2,"3":14,"4":5,"5":5,"6":5,"7":5,"8":1,"9":1,"10":1,"11":1,"12":4,"13":8,"14":8,"15":2,"16":6,"17":4,"18":2,"19":2,"20":2,"21":2,"22":2,"23":2},"f":{"0":14,"1":5,"2":8},"b":{"0":[5,4,3,3,1],"1":[1,4],"2":[2,6],"3":[8,6],"4":[4,2],"5":[6,4],"6":[4,3,3]},"_coverageSchema":"332fd63041d2c1bcb487cc26dd0d5f7d97098a6c","hash":"f49aed7ddc63c6bdb0bf50b55683ebfa84608d22"}
,"/home/skye/Documents/Yandex/nskyes-node-school-wallet-app/source/models/common/file-model.js": {"path":"/home/skye/Documents/Yandex/nskyes-node-school-wallet-app/source/models/common/file-model.js","statementMap":{"0":{"start":{"line":1,"column":13},"end":{"line":1,"column":28}},"1":{"start":{"line":2,"column":11},"end":{"line":2,"column":24}},"2":{"start":{"line":3,"column":14},"end":{"line":3,"column":32}},"3":{"start":{"line":4,"column":25},"end":{"line":4,"column":67}},"4":{"start":{"line":8,"column":4},"end":{"line":8,"column":12}},"5":{"start":{"line":9,"column":4},"end":{"line":9,"column":79}},"6":{"start":{"line":10,"column":4},"end":{"line":10,"column":27}},"7":{"start":{"line":11,"column":4},"end":{"line":11,"column":24}},"8":{"start":{"line":15,"column":4},"end":{"line":30,"column":5}},"9":{"start":{"line":16,"column":6},"end":{"line":29,"column":9}},"10":{"start":{"line":17,"column":8},"end":{"line":28,"column":11}},"11":{"start":{"line":18,"column":10},"end":{"line":19,"column":29}},"12":{"start":{"line":19,"column":12},"end":{"line":19,"column":29}},"13":{"start":{"line":20,"column":10},"end":{"line":27,"column":11}},"14":{"start":{"line":21,"column":12},"end":{"line":21,"column":45}},"15":{"start":{"line":22,"column":12},"end":{"line":22,"column":47}},"16":{"start":{"line":23,"column":12},"end":{"line":23,"column":74}},"17":{"start":{"line":23,"column":57},"end":{"line":23,"column":72}},"18":{"start":{"line":24,"column":12},"end":{"line":24,"column":29}},"19":{"start":{"line":26,"column":12},"end":{"line":26,"column":31}},"20":{"start":{"line":31,"column":4},"end":{"line":31,"column":64}},"21":{"start":{"line":35,"column":4},"end":{"line":35,"column":20}},"22":{"start":{"line":36,"column":20},"end":{"line":36,"column":32}},"23":{"start":{"line":37,"column":20},"end":{"line":37,"column":21}},"24":{"start":{"line":38,"column":4},"end":{"line":39,"column":55}},"25":{"start":{"line":39,"column":6},"end":{"line":39,"column":55}},"26":{"start":{"line":40,"column":4},"end":{"line":40,"column":27}},"27":{"start":{"line":44,"column":4},"end":{"line":44,"column":36}},"28":{"start":{"line":45,"column":4},"end":{"line":45,"column":26}},"29":{"start":{"line":46,"column":4},"end":{"line":46,"column":27}},"30":{"start":{"line":50,"column":4},"end":{"line":50,"column":26}},"31":{"start":{"line":51,"column":17},"end":{"line":51,"column":63}},"32":{"start":{"line":51,"column":48},"end":{"line":51,"column":62}},"33":{"start":{"line":52,"column":4},"end":{"line":56,"column":5}},"34":{"start":{"line":53,"column":6},"end":{"line":53,"column":63}},"35":{"start":{"line":55,"column":6},"end":{"line":55,"column":18}},"36":{"start":{"line":60,"column":4},"end":{"line":60,"column":35}},"37":{"start":{"line":61,"column":4},"end":{"line":61,"column":26}},"38":{"start":{"line":62,"column":17},"end":{"line":62,"column":47}},"39":{"start":{"line":63,"column":18},"end":{"line":63,"column":47}},"40":{"start":{"line":64,"column":4},"end":{"line":64,"column":37}},"41":{"start":{"line":65,"column":4},"end":{"line":65,"column":29}},"42":{"start":{"line":69,"column":4},"end":{"line":73,"column":5}},"43":{"start":{"line":70,"column":6},"end":{"line":72,"column":18}},"44":{"start":{"line":71,"column":8},"end":{"line":72,"column":16}},"45":{"start":{"line":74,"column":4},"end":{"line":74,"column":44}},"46":{"start":{"line":78,"column":0},"end":{"line":78,"column":27}}},"fnMap":{"0":{"name":"(anonymous_0)","decl":{"start":{"line":7,"column":2},"end":{"line":7,"column":3}},"loc":{"start":{"line":7,"column":32},"end":{"line":12,"column":3}},"line":7},"1":{"name":"(anonymous_1)","decl":{"start":{"line":14,"column":2},"end":{"line":14,"column":3}},"loc":{"start":{"line":14,"column":20},"end":{"line":32,"column":3}},"line":14},"2":{"name":"(anonymous_2)","decl":{"start":{"line":16,"column":25},"end":{"line":16,"column":26}},"loc":{"start":{"line":16,"column":46},"end":{"line":29,"column":7}},"line":16},"3":{"name":"(anonymous_3)","decl":{"start":{"line":17,"column":41},"end":{"line":17,"column":42}},"loc":{"start":{"line":17,"column":54},"end":{"line":28,"column":9}},"line":17},"4":{"name":"(anonymous_4)","decl":{"start":{"line":23,"column":47},"end":{"line":23,"column":48}},"loc":{"start":{"line":23,"column":57},"end":{"line":23,"column":72}},"line":23},"5":{"name":"(anonymous_5)","decl":{"start":{"line":34,"column":2},"end":{"line":34,"column":3}},"loc":{"start":{"line":34,"column":21},"end":{"line":41,"column":3}},"line":34},"6":{"name":"(anonymous_6)","decl":{"start":{"line":43,"column":2},"end":{"line":43,"column":3}},"loc":{"start":{"line":43,"column":19},"end":{"line":47,"column":3}},"line":43},"7":{"name":"(anonymous_7)","decl":{"start":{"line":49,"column":2},"end":{"line":49,"column":3}},"loc":{"start":{"line":49,"column":40},"end":{"line":57,"column":3}},"line":49},"8":{"name":"(anonymous_8)","decl":{"start":{"line":51,"column":38},"end":{"line":51,"column":39}},"loc":{"start":{"line":51,"column":48},"end":{"line":51,"column":62}},"line":51},"9":{"name":"(anonymous_9)","decl":{"start":{"line":59,"column":2},"end":{"line":59,"column":3}},"loc":{"start":{"line":59,"column":24},"end":{"line":66,"column":3}},"line":59},"10":{"name":"(anonymous_10)","decl":{"start":{"line":68,"column":2},"end":{"line":68,"column":3}},"loc":{"start":{"line":68,"column":22},"end":{"line":75,"column":3}},"line":68},"11":{"name":"(anonymous_11)","decl":{"start":{"line":70,"column":25},"end":{"line":70,"column":26}},"loc":{"start":{"line":71,"column":8},"end":{"line":72,"column":16}},"line":71}},"branchMap":{"0":{"loc":{"start":{"line":7,"column":15},"end":{"line":7,"column":30}},"type":"default-arg","locations":[{"start":{"line":7,"column":28},"end":{"line":7,"column":30}}],"line":7},"1":{"loc":{"start":{"line":15,"column":4},"end":{"line":30,"column":5}},"type":"if","locations":[{"start":{"line":15,"column":4},"end":{"line":30,"column":5}},{"start":{"line":15,"column":4},"end":{"line":30,"column":5}}],"line":15},"2":{"loc":{"start":{"line":18,"column":10},"end":{"line":19,"column":29}},"type":"if","locations":[{"start":{"line":18,"column":10},"end":{"line":19,"column":29}},{"start":{"line":18,"column":10},"end":{"line":19,"column":29}}],"line":18},"3":{"loc":{"start":{"line":38,"column":4},"end":{"line":39,"column":55}},"type":"if","locations":[{"start":{"line":38,"column":4},"end":{"line":39,"column":55}},{"start":{"line":38,"column":4},"end":{"line":39,"column":55}}],"line":38},"4":{"loc":{"start":{"line":49,"column":21},"end":{"line":49,"column":38}},"type":"default-arg","locations":[{"start":{"line":49,"column":32},"end":{"line":49,"column":38}}],"line":49},"5":{"loc":{"start":{"line":52,"column":4},"end":{"line":56,"column":5}},"type":"if","locations":[{"start":{"line":52,"column":4},"end":{"line":56,"column":5}},{"start":{"line":52,"column":4},"end":{"line":56,"column":5}}],"line":52},"6":{"loc":{"start":{"line":69,"column":4},"end":{"line":73,"column":5}},"type":"if","locations":[{"start":{"line":69,"column":4},"end":{"line":73,"column":5}},{"start":{"line":69,"column":4},"end":{"line":73,"column":5}}],"line":69}},"s":{"0":3,"1":3,"2":3,"3":3,"4":32,"5":32,"6":32,"7":32,"8":64,"9":30,"10":30,"11":30,"12":1,"13":29,"14":29,"15":29,"16":29,"17":58,"18":29,"19":0,"20":63,"21":5,"22":5,"23":5,"24":5,"25":5,"26":5,"27":9,"28":9,"29":9,"30":6,"31":6,"32":7,"33":6,"34":1,"35":5,"36":1,"37":1,"38":1,"39":1,"40":1,"41":1,"42":6,"43":6,"44":6,"45":0,"46":3},"f":{"0":32,"1":64,"2":30,"3":30,"4":58,"5":5,"6":9,"7":6,"8":7,"9":1,"10":6,"11":6},"b":{"0":[1],"1":[30,34],"2":[1,29],"3":[5,0],"4":[3],"5":[1,5],"6":[6,0]},"_coverageSchema":"332fd63041d2c1bcb487cc26dd0d5f7d97098a6c","hash":"f455f04325b0e23d0a5b3983d3cc62d350c7768a"}
,"/home/skye/Documents/Yandex/nskyes-node-school-wallet-app/source/models/common/file-transactions-model.js": {"path":"/home/skye/Documents/Yandex/nskyes-node-school-wallet-app/source/models/common/file-transactions-model.js","statementMap":{"0":{"start":{"line":1,"column":18},"end":{"line":1,"column":41}},"1":{"start":{"line":3,"column":11},"end":{"line":3,"column":24}},"2":{"start":{"line":4,"column":13},"end":{"line":4,"column":28}},"3":{"start":{"line":5,"column":25},"end":{"line":5,"column":67}},"4":{"start":{"line":6,"column":12},"end":{"line":6,"column":44}},"5":{"start":{"line":11,"column":4},"end":{"line":11,"column":22}},"6":{"start":{"line":12,"column":4},"end":{"line":12,"column":35}},"7":{"start":{"line":13,"column":4},"end":{"line":13,"column":82}},"8":{"start":{"line":13,"column":66},"end":{"line":13,"column":73}},"9":{"start":{"line":17,"column":4},"end":{"line":19,"column":5}},"10":{"start":{"line":18,"column":6},"end":{"line":18,"column":86}},"11":{"start":{"line":20,"column":4},"end":{"line":20,"column":26}},"12":{"start":{"line":21,"column":29},"end":{"line":21,"column":74}},"13":{"start":{"line":22,"column":20},"end":{"line":27,"column":60}},"14":{"start":{"line":29,"column":4},"end":{"line":39,"column":5}},"15":{"start":{"line":30,"column":6},"end":{"line":30,"column":47}},"16":{"start":{"line":31,"column":6},"end":{"line":31,"column":34}},"17":{"start":{"line":32,"column":19},"end":{"line":32,"column":29}},"18":{"start":{"line":33,"column":6},"end":{"line":33,"column":35}},"19":{"start":{"line":34,"column":6},"end":{"line":34,"column":40}},"20":{"start":{"line":35,"column":6},"end":{"line":35,"column":31}},"21":{"start":{"line":36,"column":6},"end":{"line":36,"column":31}},"22":{"start":{"line":38,"column":6},"end":{"line":38,"column":87}},"23":{"start":{"line":43,"column":4},"end":{"line":45,"column":5}},"24":{"start":{"line":44,"column":6},"end":{"line":44,"column":91}},"25":{"start":{"line":46,"column":4},"end":{"line":46,"column":26}},"26":{"start":{"line":47,"column":20},"end":{"line":47,"column":54}},"27":{"start":{"line":48,"column":4},"end":{"line":56,"column":5}},"28":{"start":{"line":49,"column":31},"end":{"line":52,"column":29}},"29":{"start":{"line":50,"column":8},"end":{"line":51,"column":22}},"30":{"start":{"line":51,"column":10},"end":{"line":51,"column":22}},"31":{"start":{"line":52,"column":24},"end":{"line":52,"column":28}},"32":{"start":{"line":53,"column":6},"end":{"line":53,"column":36}},"33":{"start":{"line":55,"column":6},"end":{"line":55,"column":56}},"34":{"start":{"line":60,"column":4},"end":{"line":60,"column":70}},"35":{"start":{"line":64,"column":0},"end":{"line":64,"column":39}}},"fnMap":{"0":{"name":"(anonymous_0)","decl":{"start":{"line":10,"column":2},"end":{"line":10,"column":3}},"loc":{"start":{"line":10,"column":46},"end":{"line":14,"column":3}},"line":10},"1":{"name":"(anonymous_1)","decl":{"start":{"line":13,"column":56},"end":{"line":13,"column":57}},"loc":{"start":{"line":13,"column":66},"end":{"line":13,"column":73}},"line":13},"2":{"name":"(anonymous_2)","decl":{"start":{"line":16,"column":2},"end":{"line":16,"column":3}},"loc":{"start":{"line":16,"column":44},"end":{"line":40,"column":3}},"line":16},"3":{"name":"(anonymous_3)","decl":{"start":{"line":42,"column":2},"end":{"line":42,"column":3}},"loc":{"start":{"line":42,"column":32},"end":{"line":57,"column":3}},"line":42},"4":{"name":"(anonymous_4)","decl":{"start":{"line":49,"column":51},"end":{"line":49,"column":52}},"loc":{"start":{"line":49,"column":61},"end":{"line":52,"column":7}},"line":49},"5":{"name":"(anonymous_5)","decl":{"start":{"line":52,"column":16},"end":{"line":52,"column":17}},"loc":{"start":{"line":52,"column":24},"end":{"line":52,"column":28}},"line":52},"6":{"name":"(anonymous_6)","decl":{"start":{"line":59,"column":2},"end":{"line":59,"column":3}},"loc":{"start":{"line":59,"column":23},"end":{"line":61,"column":3}},"line":59}},"branchMap":{"0":{"loc":{"start":{"line":10,"column":26},"end":{"line":10,"column":44}},"type":"default-arg","locations":[{"start":{"line":10,"column":40},"end":{"line":10,"column":44}}],"line":10},"1":{"loc":{"start":{"line":13,"column":19},"end":{"line":13,"column":81}},"type":"cond-expr","locations":[{"start":{"line":13,"column":35},"end":{"line":13,"column":74}},{"start":{"line":13,"column":77},"end":{"line":13,"column":81}}],"line":13},"2":{"loc":{"start":{"line":17,"column":4},"end":{"line":19,"column":5}},"type":"if","locations":[{"start":{"line":17,"column":4},"end":{"line":19,"column":5}},{"start":{"line":17,"column":4},"end":{"line":19,"column":5}}],"line":17},"3":{"loc":{"start":{"line":22,"column":20},"end":{"line":27,"column":60}},"type":"binary-expr","locations":[{"start":{"line":22,"column":20},"end":{"line":22,"column":31}},{"start":{"line":22,"column":35},"end":{"line":22,"column":41}},{"start":{"line":23,"column":9},"end":{"line":23,"column":43}},{"start":{"line":24,"column":9},"end":{"line":24,"column":30}},{"start":{"line":25,"column":9},"end":{"line":25,"column":30}},{"start":{"line":26,"column":9},"end":{"line":26,"column":29}},{"start":{"line":27,"column":9},"end":{"line":27,"column":60}}],"line":22},"4":{"loc":{"start":{"line":29,"column":4},"end":{"line":39,"column":5}},"type":"if","locations":[{"start":{"line":29,"column":4},"end":{"line":39,"column":5}},{"start":{"line":29,"column":4},"end":{"line":39,"column":5}}],"line":29},"5":{"loc":{"start":{"line":43,"column":4},"end":{"line":45,"column":5}},"type":"if","locations":[{"start":{"line":43,"column":4},"end":{"line":45,"column":5}},{"start":{"line":43,"column":4},"end":{"line":45,"column":5}}],"line":43},"6":{"loc":{"start":{"line":48,"column":4},"end":{"line":56,"column":5}},"type":"if","locations":[{"start":{"line":48,"column":4},"end":{"line":56,"column":5}},{"start":{"line":48,"column":4},"end":{"line":56,"column":5}}],"line":48},"7":{"loc":{"start":{"line":50,"column":8},"end":{"line":51,"column":22}},"type":"if","locations":[{"start":{"line":50,"column":8},"end":{"line":51,"column":22}},{"start":{"line":50,"column":8},"end":{"line":51,"column":22}}],"line":50}},"s":{"0":1,"1":1,"2":1,"3":1,"4":1,"5":9,"6":9,"7":9,"8":16,"9":7,"10":1,"11":6,"12":6,"13":6,"14":6,"15":2,"16":2,"17":2,"18":2,"19":2,"20":2,"21":2,"22":4,"23":3,"24":0,"25":3,"26":3,"27":3,"28":1,"29":2,"30":1,"31":2,"32":1,"33":2,"34":1,"35":1},"f":{"0":9,"1":16,"2":7,"3":3,"4":2,"5":2,"6":1},"b":{"0":[1],"1":[8,1],"2":[1,6],"3":[6,6,6,5,3,3,3],"4":[2,4],"5":[0,3],"6":[1,2],"7":[1,1]},"_coverageSchema":"332fd63041d2c1bcb487cc26dd0d5f7d97098a6c","hash":"9b560bdc1187e4afdf59de378e7fa4e00a00bbd8"}
,"/home/skye/Documents/Yandex/nskyes-node-school-wallet-app/source/models/common/model.js": {"path":"/home/skye/Documents/Yandex/nskyes-node-school-wallet-app/source/models/common/model.js","statementMap":{"0":{"start":{"line":12,"column":0},"end":{"line":12,"column":23}}},"fnMap":{"0":{"name":"(anonymous_0)","decl":{"start":{"line":2,"column":2},"end":{"line":2,"column":3}},"loc":{"start":{"line":2,"column":15},"end":{"line":2,"column":17}},"line":2},"1":{"name":"(anonymous_1)","decl":{"start":{"line":3,"column":2},"end":{"line":3,"column":3}},"loc":{"start":{"line":3,"column":18},"end":{"line":3,"column":20}},"line":3},"2":{"name":"(anonymous_2)","decl":{"start":{"line":4,"column":2},"end":{"line":4,"column":3}},"loc":{"start":{"line":4,"column":21},"end":{"line":4,"column":23}},"line":4},"3":{"name":"(anonymous_3)","decl":{"start":{"line":5,"column":2},"end":{"line":5,"column":3}},"loc":{"start":{"line":5,"column":24},"end":{"line":5,"column":26}},"line":5},"4":{"name":"(anonymous_4)","decl":{"start":{"line":7,"column":2},"end":{"line":7,"column":3}},"loc":{"start":{"line":7,"column":26},"end":{"line":7,"column":28}},"line":7},"5":{"name":"(anonymous_5)","decl":{"start":{"line":8,"column":2},"end":{"line":8,"column":3}},"loc":{"start":{"line":8,"column":25},"end":{"line":8,"column":27}},"line":8},"6":{"name":"(anonymous_6)","decl":{"start":{"line":9,"column":2},"end":{"line":9,"column":3}},"loc":{"start":{"line":9,"column":28},"end":{"line":9,"column":30}},"line":9}},"branchMap":{},"s":{"0":3},"f":{"0":0,"1":0,"2":0,"3":0,"4":0,"5":0,"6":0},"b":{},"_coverageSchema":"332fd63041d2c1bcb487cc26dd0d5f7d97098a6c","hash":"ac4bfb73110dfa34320e70294c6425dcb2bbd4f4"}
}
