TN:
SF:/home/skye/Documents/Yandex/nskyes-node-school-wallet-app/libs/ISO8601.js
FN:3,(anonymous_0)
FNF:1
FNH:1
FNDA:2,(anonymous_0)
DA:3,1
DA:4,2
DA:5,2
DA:6,2
DA:7,2
DA:8,2
DA:9,2
DA:10,2
LF:8
LH:8
BRDA:7,0,0,0
BRDA:7,0,1,2
BRDA:8,1,0,2
BRDA:8,1,1,0
BRDA:9,2,0,0
BRDA:9,2,1,2
BRF:6
BRH:3
end_of_record
TN:
SF:/home/skye/Documents/Yandex/nskyes-node-school-wallet-app/libs/application-error.js
FN:4,(anonymous_0)
FN:8,(anonymous_1)
FNF:2
FNH:1
FNDA:19,(anonymous_0)
FNDA:0,(anonymous_1)
DA:5,19
DA:6,19
DA:9,0
DA:13,3
LF:4
LH:3
BRF:0
BRH:0
end_of_record
TN:
SF:/home/skye/Documents/Yandex/nskyes-node-school-wallet-app/libs/luhn.js
FN:3,(anonymous_0)
FN:18,(anonymous_1)
FNF:2
FNH:0
FNDA:0,(anonymous_0)
FNDA:0,(anonymous_1)
DA:3,2
DA:4,0
DA:5,0
DA:6,0
DA:7,0
DA:8,0
DA:9,0
DA:10,0
DA:11,0
DA:12,0
DA:13,0
DA:14,0
DA:16,0
DA:18,0
DA:19,0
DA:20,0
DA:21,0
DA:22,0
DA:25,0
DA:26,0
DA:30,2
LF:21
LH:2
BRDA:10,0,0,0
BRDA:10,0,1,0
BRDA:12,1,0,0
BRDA:12,1,1,0
BRDA:20,2,0,0
BRDA:20,2,1,0
BRF:6
BRH:0
end_of_record
TN:
SF:/home/skye/Documents/Yandex/nskyes-node-school-wallet-app/source/models/common/file-cards-model.js
FN:7,(anonymous_0)
FN:11,(anonymous_1)
FN:31,(anonymous_2)
FNF:3
FNH:3
FNDA:14,(anonymous_0)
FNDA:5,(anonymous_1)
FNDA:8,(anonymous_2)
DA:1,2
DA:3,2
DA:4,2
DA:8,14
DA:12,5
DA:13,5
DA:14,5
DA:21,5
DA:22,1
DA:23,1
DA:24,1
DA:25,1
DA:27,4
DA:32,8
DA:33,8
DA:34,2
DA:36,6
DA:37,4
DA:39,2
DA:40,2
DA:41,2
DA:42,2
DA:43,2
DA:47,2
LF:24
LH:24
BRDA:14,0,0,5
BRDA:14,0,1,4
BRDA:14,0,2,3
BRDA:14,0,3,3
BRDA:14,0,4,1
BRDA:21,1,0,1
BRDA:21,1,1,4
BRDA:33,2,0,2
BRDA:33,2,1,6
BRDA:33,3,0,8
BRDA:33,3,1,6
BRDA:36,4,0,4
BRDA:36,4,1,2
BRDA:36,5,0,6
BRDA:36,5,1,4
BRDA:36,6,0,4
BRDA:36,6,1,3
BRDA:36,6,2,3
BRF:18
BRH:18
end_of_record
TN:
SF:/home/skye/Documents/Yandex/nskyes-node-school-wallet-app/source/models/common/file-model.js
FN:7,(anonymous_0)
FN:14,(anonymous_1)
FN:16,(anonymous_2)
FN:17,(anonymous_3)
FN:23,(anonymous_4)
FN:34,(anonymous_5)
FN:43,(anonymous_6)
FN:49,(anonymous_7)
FN:51,(anonymous_8)
FN:59,(anonymous_9)
FN:68,(anonymous_10)
FN:70,(anonymous_11)
FNF:12
FNH:12
FNDA:32,(anonymous_0)
FNDA:64,(anonymous_1)
FNDA:30,(anonymous_2)
FNDA:30,(anonymous_3)
FNDA:58,(anonymous_4)
FNDA:5,(anonymous_5)
FNDA:9,(anonymous_6)
FNDA:6,(anonymous_7)
FNDA:7,(anonymous_8)
FNDA:1,(anonymous_9)
FNDA:6,(anonymous_10)
FNDA:6,(anonymous_11)
DA:1,3
DA:2,3
DA:3,3
DA:4,3
DA:8,32
DA:9,32
DA:10,32
DA:11,32
DA:15,64
DA:16,30
DA:17,30
DA:18,30
DA:19,1
DA:20,29
DA:21,29
DA:22,29
DA:23,58
DA:24,29
DA:26,0
DA:31,63
DA:35,5
DA:36,5
DA:37,5
DA:38,5
DA:39,5
DA:40,5
DA:44,9
DA:45,9
DA:46,9
DA:50,6
DA:51,7
DA:52,6
DA:53,1
DA:55,5
DA:60,1
DA:61,1
DA:62,1
DA:63,1
DA:64,1
DA:65,1
DA:69,6
DA:70,6
DA:71,6
DA:74,0
DA:78,3
LF:45
LH:43
BRDA:7,0,0,1
BRDA:15,1,0,30
BRDA:15,1,1,34
BRDA:18,2,0,1
BRDA:18,2,1,29
BRDA:38,3,0,5
BRDA:38,3,1,0
BRDA:49,4,0,3
BRDA:52,5,0,1
BRDA:52,5,1,5
BRDA:69,6,0,6
BRDA:69,6,1,0
BRF:12
BRH:10
end_of_record
TN:
SF:/home/skye/Documents/Yandex/nskyes-node-school-wallet-app/source/models/common/file-transactions-model.js
FN:10,(anonymous_0)
FN:13,(anonymous_1)
FN:16,(anonymous_2)
FN:42,(anonymous_3)
FN:49,(anonymous_4)
FN:52,(anonymous_5)
FN:59,(anonymous_6)
FNF:7
FNH:7
FNDA:9,(anonymous_0)
FNDA:16,(anonymous_1)
FNDA:7,(anonymous_2)
FNDA:3,(anonymous_3)
FNDA:2,(anonymous_4)
FNDA:2,(anonymous_5)
FNDA:1,(anonymous_6)
DA:1,1
DA:3,1
DA:4,1
DA:5,1
DA:6,1
DA:11,9
DA:12,9
DA:13,16
DA:17,7
DA:18,1
DA:20,6
DA:21,6
DA:22,6
DA:29,6
DA:30,2
DA:31,2
DA:32,2
DA:33,2
DA:34,2
DA:35,2
DA:36,2
DA:38,4
DA:43,3
DA:44,0
DA:46,3
DA:47,3
DA:48,3
DA:49,1
DA:50,2
DA:51,1
DA:52,2
DA:53,1
DA:55,2
DA:60,1
DA:64,1
LF:35
LH:34
BRDA:10,0,0,1
BRDA:13,1,0,8
BRDA:13,1,1,1
BRDA:17,2,0,1
BRDA:17,2,1,6
BRDA:22,3,0,6
BRDA:22,3,1,6
BRDA:22,3,2,6
BRDA:22,3,3,5
BRDA:22,3,4,3
BRDA:22,3,5,3
BRDA:22,3,6,3
BRDA:29,4,0,2
BRDA:29,4,1,4
BRDA:43,5,0,0
BRDA:43,5,1,3
BRDA:48,6,0,1
BRDA:48,6,1,2
BRDA:50,7,0,1
BRDA:50,7,1,1
BRF:20
BRH:19
end_of_record
TN:
SF:/home/skye/Documents/Yandex/nskyes-node-school-wallet-app/source/models/common/model.js
FN:2,(anonymous_0)
FN:3,(anonymous_1)
FN:4,(anonymous_2)
FN:5,(anonymous_3)
FN:7,(anonymous_4)
FN:8,(anonymous_5)
FN:9,(anonymous_6)
FNF:7
FNH:0
FNDA:0,(anonymous_0)
FNDA:0,(anonymous_1)
FNDA:0,(anonymous_2)
FNDA:0,(anonymous_3)
FNDA:0,(anonymous_4)
FNDA:0,(anonymous_5)
FNDA:0,(anonymous_6)
DA:12,3
LF:1
LH:1
BRF:0
BRH:0
end_of_record
